<?xml version="1.0" encoding="UTF-8"?>
<!-- Generated by org.testng.reporters.JUnitReportReporter -->
<testsuite hostname="Nura_Laptop" failures="0" tests="6" name="com.Integral.Automation_Assignment.Task1" time="67.954" errors="0" timestamp="2024-07-16T11:03:47 AST" skipped="0">
  <testcase classname="com.Integral.Automation_Assignment.Task1" name="validateSubscriptionPackages" time="9.493">
    <system-out>
      <![CDATA[Starting test for language: ar, country: kw, expected currency: دينار كويتي
Package: لايت | Name: لايت | Price: 1.2 | Price Currency: دينار كويتي/شهر
Package: الأساسية | Name: الأساسية | Price: 2.5 | Price Currency: دينار كويتي/شهر
Package: بريميوم | Name: بريميوم | Price: 4.8 | Price Currency: دينار كويتي/شهر]]>
    </system-out>
  </testcase> <!-- validateSubscriptionPackages -->
  <testcase classname="com.Integral.Automation_Assignment.Task1" name="validateSubscriptionPackages" time="28.435">
    <system-out>
      <![CDATA[Starting test for language: en, country: sa, expected currency: SAR
Package: lite | Name: lite | Price: 15.0 | Price Currency: SAR/month
Package: classic | Name: classic | Price: 25.0 | Price Currency: SAR/month
Package: premium | Name: premium | Price: 60.0 | Price Currency: SAR/month]]>
    </system-out>
  </testcase> <!-- validateSubscriptionPackages -->
  <testcase classname="com.Integral.Automation_Assignment.Task1" name="validateSubscriptionPackages" time="6.905">
    <system-out>
      <![CDATA[Starting test for language: en, country: bh, expected currency: BHD
Package: lite | Name: lite | Price: 2.0 | Price Currency: BHD/month
Package: classic | Name: classic | Price: 3.0 | Price Currency: BHD/month
Package: premium | Name: premium | Price: 6.0 | Price Currency: BHD/month]]>
    </system-out>
  </testcase> <!-- validateSubscriptionPackages -->
  <testcase classname="com.Integral.Automation_Assignment.Task1" name="validateSubscriptionPackages" time="9.736">
    <system-out>
      <![CDATA[Starting test for language: ar, country: bh, expected currency: دينار بحريني
Package: لايت | Name: لايت | Price: 2.0 | Price Currency: دينار بحريني/شهر
Package: الأساسية | Name: الأساسية | Price: 3.0 | Price Currency: دينار بحريني/شهر
Package: بريميوم | Name: بريميوم | Price: 6.0 | Price Currency: دينار بحريني/شهر]]>
    </system-out>
  </testcase> <!-- validateSubscriptionPackages -->
  <testcase classname="com.Integral.Automation_Assignment.Task1" name="validateSubscriptionPackages" time="5.410">
    <system-out>
      <![CDATA[Starting test for language: en, country: kw, expected currency: KWD
Package: lite | Name: lite | Price: 1.2 | Price Currency: KWD/month
Package: classic | Name: classic | Price: 2.5 | Price Currency: KWD/month
Package: premium | Name: premium | Price: 4.8 | Price Currency: KWD/month]]>
    </system-out>
  </testcase> <!-- validateSubscriptionPackages -->
  <testcase classname="com.Integral.Automation_Assignment.Task1" name="validateSubscriptionPackages" time="7.975">
    <system-out>
      <![CDATA[Starting test for language: ar, country: sa, expected currency: ريال سعودي
Package: لايت | Name: لايت | Price: 15.0 | Price Currency: ريال سعودي/شهر
Package: الأساسية | Name: الأساسية | Price: 25.0 | Price Currency: ريال سعودي/شهر
Package: بريميوم | Name: بريميوم | Price: 60.0 | Price Currency: ريال سعودي/شهر]]>
    </system-out>
  </testcase> <!-- validateSubscriptionPackages -->
  <system-out>
    <![CDATA[Starting test for language: en, country: sa, expected currency: SAR
Package: lite | Name: lite | Price: 15.0 | Price Currency: SAR/month
Package: classic | Name: classic | Price: 25.0 | Price Currency: SAR/month
Package: premium | Name: premium | Price: 60.0 | Price Currency: SAR/month
Starting test for language: en, country: kw, expected currency: KWD
Package: lite | Name: lite | Price: 1.2 | Price Currency: KWD/month
Package: classic | Name: classic | Price: 2.5 | Price Currency: KWD/month
Package: premium | Name: premium | Price: 4.8 | Price Currency: KWD/month
Starting test for language: en, country: bh, expected currency: BHD
Package: lite | Name: lite | Price: 2.0 | Price Currency: BHD/month
Package: classic | Name: classic | Price: 3.0 | Price Currency: BHD/month
Package: premium | Name: premium | Price: 6.0 | Price Currency: BHD/month
Starting test for language: ar, country: sa, expected currency: ريال سعودي
Package: لايت | Name: لايت | Price: 15.0 | Price Currency: ريال سعودي/شهر
Package: الأساسية | Name: الأساسية | Price: 25.0 | Price Currency: ريال سعودي/شهر
Package: بريميوم | Name: بريميوم | Price: 60.0 | Price Currency: ريال سعودي/شهر
Starting test for language: ar, country: kw, expected currency: دينار كويتي
Package: لايت | Name: لايت | Price: 1.2 | Price Currency: دينار كويتي/شهر
Package: الأساسية | Name: الأساسية | Price: 2.5 | Price Currency: دينار كويتي/شهر
Package: بريميوم | Name: بريميوم | Price: 4.8 | Price Currency: دينار كويتي/شهر
Starting test for language: ar, country: bh, expected currency: دينار بحريني
Package: لايت | Name: لايت | Price: 2.0 | Price Currency: دينار بحريني/شهر
Package: الأساسية | Name: الأساسية | Price: 3.0 | Price Currency: دينار بحريني/شهر
Package: بريميوم | Name: بريميوم | Price: 6.0 | Price Currency: دينار بحريني/شهر
Test completed]]>
  </system-out>
</testsuite> <!-- com.Integral.Automation_Assignment.Task1 -->
